0 info it worked if it ends with ok
1 verbose cli [ 'C:\\Program Files\\nodejs\\node.exe',
1 verbose cli   'C:\\Program Files\\nodejs\\node_modules\\npm\\bin\\npm-cli.js',
1 verbose cli   'run',
1 verbose cli   'server',
1 verbose cli   '--scripts-prepend-node-path=auto' ]
2 info using npm@3.10.10
3 info using node@v6.11.2
4 verbose run-script [ 'preserver', 'server', 'postserver' ]
5 info lifecycle visit@1.0.0~preserver: visit@1.0.0
6 silly lifecycle visit@1.0.0~preserver: no script for preserver, continuing
7 info lifecycle visit@1.0.0~server: visit@1.0.0
8 verbose lifecycle visit@1.0.0~server: unsafe-perm in lifecycle true
9 verbose lifecycle visit@1.0.0~server: PATH: C:\Program Files\nodejs\node_modules\npm\bin\node-gyp-bin;E:\my-brand\node_modules\.bin;C:\Program Files (x86)\Common Files\Oracle\Java\javapath;C:\ProgramData\Oracle\Java\javapath;C:\Program Files\Microsoft MPI\Bin\;C:\PROGRA~2\Borland\CBUILD~1\Bin;C:\PROGRA~2\Borland\CBUILD~1\Projects\Bpl;C:\Program Files (x86)\PC Connectivity Solution\;C:\Program Files (x86)\NVIDIA Corporation\PhysX\Common;C:\Program Files (x86)\Intel\iCLS Client\;C:\Program Files\Intel\iCLS Client\;C:\Windows\system32;C:\Windows;C:\Windows\System32\Wbem;C:\Windows\System32\WindowsPowerShell\v1.0\;C:\Program Files\Intel\Intel(R) Management Engine Components\DAL;C:\Program Files\Intel\Intel(R) Management Engine Components\IPT;C:\Program Files (x86)\Intel\Intel(R) Management Engine Components\DAL;C:\Program Files (x86)\Intel\Intel(R) Management Engine Components\IPT;C:\Program Files\Microsoft\Web Platform Installer\;C:\Program Files (x86)\Microsoft ASP.NET\ASP.NET Web Pages\v1.0\;C:\Program Files\Microsoft SQL Server\110\Tools\Binn\;C:\FPC\2.6.4\bin\i386-Win32;C:\Windows\system32\config\systemprofile\.dnx\bin;C:\Program Files\Microsoft DNX\Dnvm\;C:\Program Files\MATLAB\MATLAB Production Server\R2015a\runtime\win64;C:\Program Files\MATLAB\MATLAB Production Server\R2015a\bin;C:\Program Files\MATLAB\MATLAB Production Server\R2015a\polyspace\bin;C:\Program Files\MATLAB\R2013b\runtime\win64;C:\Program Files\MATLAB\R2013b\bin;C:\Program Files\MATLAB\R2013b\polyspace\bin;E:\Alteum\System;C:\Program Files\Common Files\Autodesk Shared\;C:\Program Files (x86)\Autodesk\Backburner\;C:\Program Files (x86)\Brackets\command;C:\Program Files\Microsoft SQL Server\130\Tools\Binn\;C:\Program Files\dotnet\;C:\Program Files\Anaconda3;C:\Program Files\Anaconda3\Scripts;C:\Program Files\Anaconda3\Library\bin;C:\Program Files\Git\cmd;C:\Program Files\nodejs\;C:\CooCox\CoIDE\gcc\bin;C:\Program Files\Microsoft SQL Server\Client SDK\ODBC\110\Tools\Binn\;C:\Program Files (x86)\Microsoft SQL Server\120\Tools\Binn\;C:\Program Files\Microsoft SQL Server\120\Tools\Binn\;C:\Program Files\Microsoft SQL Server\120\DTS\Binn\;C:\Program Files (x86)\Windows Kits\8.1\Windows Performance Toolkit\;C:\Program Files (x86)\Microsoft VS Code\bin;C:\Ruby24-x64\bin;C:\Users\user\AppData\Roaming\npm;C:\Program Files (x86)\Microsoft VS Code\bin;C:\Users\user\AppData\Local\GitHubDesktop\bin
10 verbose lifecycle visit@1.0.0~server: CWD: E:\my-brand
11 silly lifecycle visit@1.0.0~server: Args: [ '/d /s /c', 'node server' ]
12 silly lifecycle visit@1.0.0~server: Returned: code: 1  signal: null
13 info lifecycle visit@1.0.0~server: Failed to exec server script
14 verbose stack Error: visit@1.0.0 server: `node server`
14 verbose stack Exit status 1
14 verbose stack     at EventEmitter.<anonymous> (C:\Program Files\nodejs\node_modules\npm\lib\utils\lifecycle.js:255:16)
14 verbose stack     at emitTwo (events.js:106:13)
14 verbose stack     at EventEmitter.emit (events.js:191:7)
14 verbose stack     at ChildProcess.<anonymous> (C:\Program Files\nodejs\node_modules\npm\lib\utils\spawn.js:40:14)
14 verbose stack     at emitTwo (events.js:106:13)
14 verbose stack     at ChildProcess.emit (events.js:191:7)
14 verbose stack     at maybeClose (internal/child_process.js:891:16)
14 verbose stack     at Process.ChildProcess._handle.onexit (internal/child_process.js:226:5)
15 verbose pkgid visit@1.0.0
16 verbose cwd E:\my-brand
17 error Windows_NT 6.3.9600
18 error argv "C:\\Program Files\\nodejs\\node.exe" "C:\\Program Files\\nodejs\\node_modules\\npm\\bin\\npm-cli.js" "run" "server" "--scripts-prepend-node-path=auto"
19 error node v6.11.2
20 error npm  v3.10.10
21 error code ELIFECYCLE
22 error visit@1.0.0 server: `node server`
22 error Exit status 1
23 error Failed at the visit@1.0.0 server script 'node server'.
23 error Make sure you have the latest version of node.js and npm installed.
23 error If you do, this is most likely a problem with the visit package,
23 error not with npm itself.
23 error Tell the author that this fails on your system:
23 error     node server
23 error You can get information on how to open an issue for this project with:
23 error     npm bugs visit
23 error Or if that isn't available, you can get their info via:
23 error     npm owner ls visit
23 error There is likely additional logging output above.
24 verbose exit [ 1, true ]
